[2025-09-21 18:51:05,209] 1025 httpx - INFO - HTTP Request: GET https://dagshub.com/api/v1/user "HTTP/1.1 200 OK"
[2025-09-21 18:51:05,212] 107 dagshub - INFO - Accessing as krishnapole90
[2025-09-21 18:51:06,660] 1025 httpx - INFO - HTTP Request: GET https://dagshub.com/api/v1/repos/krishnapole90/network-security-mlops "HTTP/1.1 200 OK"
[2025-09-21 18:51:07,960] 1025 httpx - INFO - HTTP Request: GET https://dagshub.com/api/v1/user "HTTP/1.1 200 OK"
[2025-09-21 18:51:07,960] 107 dagshub - INFO - Initialized MLflow to track repo "krishnapole90/network-security-mlops"
[2025-09-21 18:51:07,960] 107 dagshub - INFO - Repository krishnapole90/network-security-mlops initialized!
[2025-09-21 18:51:07,960] 20 root - INFO - Initiate the data ingestion
[2025-09-21 18:51:39,934] 62 root - INFO - Fetched 11055 rows from MongoDB collection NetworkData
[2025-09-21 18:51:40,015] 96 root - INFO - Data exported to feature store at Artifacts\09_21_2025_18_51_01\data_ingestion\feature_store\phisingData.csv
[2025-09-21 18:51:40,019] 123 root - INFO - Performed train/test split
[2025-09-21 18:51:40,080] 131 root - INFO - Saved train/test datasets successfully
[2025-09-21 18:51:40,081] 22 root - INFO - Data Initiation Completed
[2025-09-21 18:51:40,085] 26 root - INFO - Initiate the data Validation
[2025-09-21 18:51:40,152] 65 root - INFO - Expected columns: 2
[2025-09-21 18:51:40,153] 66 root - INFO - Found columns: 31
[2025-09-21 18:51:40,153] 132 root - INFO - All numeric columns are present.
[2025-09-21 18:51:40,153] 65 root - INFO - Expected columns: 2
[2025-09-21 18:51:40,153] 66 root - INFO - Found columns: 31
[2025-09-21 18:51:40,153] 132 root - INFO - All numeric columns are present.
[2025-09-21 18:51:40,305] 28 root - INFO - data Validation Completed
[2025-09-21 18:51:40,307] 31 root - INFO - data Transformation started
[2025-09-21 18:51:40,307] 109 root - INFO - Entered initiate_data_transformation method of DataTransformation class
[2025-09-21 18:51:40,307] 111 root - INFO - Starting data transformation
[2025-09-21 18:51:40,331] 83 root - INFO - Entered get_data_transformer_object method of DataTransformation class
[2025-09-21 18:51:40,332] 87 root - INFO - Initialize KNNImputer with params: {'missing_values': nan, 'n_neighbors': 3, 'weights': 'uniform'}
[2025-09-21 18:51:40,345] 75 root - INFO - Entered the save_object method of MainUtils class
[2025-09-21 18:51:40,347] 79 root - INFO - Exited the save_object method of MainUtils class
[2025-09-21 18:51:40,347] 75 root - INFO - Entered the save_object method of MainUtils class
[2025-09-21 18:51:40,350] 79 root - INFO - Exited the save_object method of MainUtils class
[2025-09-21 18:51:40,352] 35 root - INFO - data Transformation completed
[2025-09-21 18:51:40,353] 38 root - INFO - Model Training sstared
